DECODED Message Logger

20250512 100123,PASSED,CC:1 IDLE
20250512 100123,PASSED,CC:1 IDLE
20250512 100123,PASSED,CC:1 IDLE
20250512 100123,PASSED,CC:1 IDLE
20250512 100123,PASSED,SLC TS1:IDLE TS2:IDLE
20250512 100123,PASSED,CC:1 IDLE
20250512 100123,PASSED,CC:1 IDLE
20250512 100123,PASSED,CC:1 IDLE
20250512 100123,PASSED,CC:1 IDLE
20250512 100123,PASSED,SLC TS1:IDLE TS2:IDLE
20250512 100123,PASSED,CC:1 IDLE
20250512 100123,PASSED,CC:1 IDLE
20250512 100123,PASSED,CC:1 IDLE
20250512 100123,PASSED,CC:1 IDLE
20250512 100123,PASSED,SLC TS1:IDLE TS2:IDLE
20250512 100123,PASSED,CC:1 IDLE
20250512 100123,PASSED,CC:1 IDLE
20250512 100123,PASSED,CC:1 IDLE
20250512 100123,PASSED,CC:1 IDLE
20250512 100123,PASSED,SLC TS1:IDLE TS2:IDLE
20250512 100123,PASSED,CC:1 IDLE
20250512 100123,PASSED,CC:1 IDLE
20250512 100123,PASSED,CC:1 IDLE
20250512 100123,PASSED,CC:1 IDLE
20250512 100123,PASSED,SLC TS1:IDLE TS2:IDLE
20250512 100123,PASSED,CC:1 IDLE
20250512 100123,PASSED,CC:1 IDLE
20250512 100123,PASSED,CC:1 IDLE
20250512 100123,PASSED,CC:1 IDLE
20250512 100123,PASSED,SLC TS1:IDLE TS2:IDLE
20250512 100123,PASSED,CC:1 IDLE
20250512 100123,PASSED,CC:1 IDLE
20250512 100123,PASSED,CC:1 VOICE HEADER FLC GROUP VOICE CHANNEL USER FM:123 TO:1602 SERVICE OPTIONS [] MSG:00000000125A0000018917E3
20250512 100123,PASSED,CC:1 IDLE
20250512 100123,PASSED,SLC TS1:IDLE TS2:IDLE
20250512 100123,PASSED,CC:1 VOICE HEADER FLC GROUP VOICE CHANNEL USER FM:123 TO:1602 SERVICE OPTIONS [] MSG:00000000125A0000018917E3
20250512 100123,PASSED,CC:1 IDLE
20250512 100123,PASSED,CC:- BS VOICE A
20250512 100123,PASSED,CC:1 IDLE
20250512 100123,PASSED,SLC TS1:GROUP VOICE [AB] TS2:IDLE MSG:180AB0092
20250512 100123,PASSED,CC:1 BS VOICE B
20250512 100123,PASSED,CC:1 IDLE